Γραμματική

    0 $accept: scdeclaration_unit "end of file"

    1 scdeclaration_unit: /* κενό */
    2                   | scdeclarations

    3 scdeclarations: scdeclaration
    4               | TYPE_EXPRESSION type_name
    5               | scdeclaration scdeclarations
    6               | TYPE_EXPRESSION type_name scdeclarations

    7 scdeclaration: declaration_specifiers SEMICOLON
    8              | declaration_specifiers init_declarator_list SEMICOLON

    9 declaration_specifiers: storage_class_specifier
   10                       | storage_class_specifier declaration_specifiers
   11                       | type_specifier
   12                       | type_specifier declaration_specifiers
   13                       | type_qualifier
   14                       | type_qualifier declaration_specifiers

   15 init_declarator_list: init_declarator
   16                     | init_declarator_list COMMA init_declarator

   17 init_declarator: declarator
   18                | declarator EQUALSIGN initializer

   19 storage_class_specifier: TYPEDEF
   20                        | EXTERN
   21                        | STATIC
   22                        | AUTO
   23                        | REGISTER

   24 type_specifier: VOID
   25               | CHAR
   26               | SHORT
   27               | INT
   28               | LONG
   29               | FLOAT
   30               | DOUBLE
   31               | SIGNED
   32               | UNSIGNED
   33               | struct_or_union_specifier
   34               | enum_specifier
   35               | TYPE_NAME

   36 struct_or_union_specifier: struct_or_union qualified_id LBRACE struct_declaration_list RBRACE
   37                          | struct_or_union LBRACE struct_declaration_list RBRACE
   38                          | struct_or_union qualified_id

   39 struct_or_union: STRUCT
   40                | UNION

   41 struct_declaration_list: struct_declaration
   42                        | struct_declaration_list struct_declaration

   43 struct_declaration: specifier_qualifier_list struct_declarator_list SEMICOLON

   44 specifier_qualifier_list: type_specifier specifier_qualifier_list
   45                         | type_specifier
   46                         | type_qualifier specifier_qualifier_list
   47                         | type_qualifier

   48 struct_declarator_list: struct_declarator
   49                       | struct_declarator_list COMMA struct_declarator

   50 struct_declarator: declarator
   51                  | COLON constant_expression
   52                  | declarator COLON constant_expression

   53 enum_specifier: ENUM LBRACE enumerator_list RBRACE
   54               | ENUM qualified_id LBRACE enumerator_list RBRACE
   55               | ENUM qualified_id

   56 enumerator_list: enumerator
   57                | enumerator_list COMMA enumerator

   58 enumerator: IDENTIFIER
   59           | IDENTIFIER EQUALSIGN constant_expression

   60 type_qualifier: CONST
   61               | VOLATILE
   62               | IN
   63               | OUT

   64 declarator: pointer direct_declarator
   65           | direct_declarator

   66 direct_declarator: qualified_id
   67                  | LPARENTHESIS declarator RPARENTHESIS
   68                  | direct_declarator LBRACKET constant_expression RBRACKET
   69                  | direct_declarator LBRACKET RBRACKET
   70                  | direct_declarator LPARENTHESIS parameter_type_list RPARENTHESIS
   71                  | direct_declarator LPARENTHESIS RPARENTHESIS

   72 pointer: ASTERISK
   73        | ASTERISK type_qualifier_list
   74        | ASTERISK pointer
   75        | ASTERISK type_qualifier_list pointer

   76 type_qualifier_list: type_qualifier
   77                    | type_qualifier_list type_qualifier

   78 parameter_type_list: parameter_list
   79                    | parameter_list COMMA ELLIPSIS

   80 parameter_list: parameter_declaration
   81               | parameter_list COMMA parameter_declaration

   82 parameter_declaration: declaration_specifiers declarator
   83                      | declaration_specifiers abstract_declarator
   84                      | declaration_specifiers

   85 type_name: specifier_qualifier_list abstract_declarator

   86 abstract_declarator: pointer
   87                    | direct_abstract_declarator
   88                    | pointer direct_abstract_declarator

   89 direct_abstract_declarator: LPARENTHESIS abstract_declarator RPARENTHESIS
   90                           | LBRACKET RBRACKET
   91                           | LBRACKET constant_expression RBRACKET
   92                           | direct_abstract_declarator LBRACKET RBRACKET
   93                           | direct_abstract_declarator LBRACKET constant_expression RBRACKET
   94                           | LPARENTHESIS RPARENTHESIS
   95                           | LPARENTHESIS parameter_type_list RPARENTHESIS
   96                           | direct_abstract_declarator LPARENTHESIS RPARENTHESIS
   97                           | direct_abstract_declarator LPARENTHESIS parameter_type_list RPARENTHESIS

   98 initializer: assignment_expression
   99            | LBRACE initializer_list RBRACE
  100            | LBRACE initializer_list COMMA RBRACE

  101 initializer_list: initializer
  102                 | initializer_list COMMA initializer

  103 qualified_id: IDENTIFIER
  104             | SCOPE_OP IDENTIFIER
  105             | qualified_id SCOPE_OP IDENTIFIER

  106 assignment_expression: CONSTANT_EXPRESSION

  107 constant_expression: CONSTANT_EXPRESSION


Τερματικά σύμβολα, με κανόνες όπου εμφανίζονται

"end of file" (0) 0
error (256)
LEAST (258)
CONSTANT_EXPRESSION (259) 106 107
SEMICOLON (260) 7 8 43
COMMA (261) 16 49 57 79 81 100 102
EQUALSIGN (262) 18 59
LBRACE (263) 36 37 53 54 99 100
RBRACE (264) 36 37 53 54 99 100
COLON (265) 51 52
LPARENTHESIS (266) 67 70 71 89 94 95 96 97
RPARENTHESIS (267) 67 70 71 89 94 95 96 97
LBRACKET (268) 68 69 90 91 92 93
RBRACKET (269) 68 69 90 91 92 93
ASTERISK (270) 72 73 74 75
INT (271) 27
LONG (272) 28
REGISTER (273) 23
FLOAT (274) 29
DOUBLE (275) 30
UNSIGNED (276) 32
SIGNED (277) 31
TYPE_NAME (278) 35
STRUCT (279) 39
IDENTIFIER (280) 58 59 103 104 105
UNION (281) 40
TYPEDEF (282) 19
ENUM (283) 53 54 55
EXTERN (284) 20
STATIC (285) 21
AUTO (286) 22
VOID (287) 24
ELLIPSIS (288) 79
CHAR (289) 25
SHORT (290) 26
TYPE_EXPRESSION (291) 4 6
SCOPE_OP (292) 104 105
OUT (293) 63
IN (294) 62
VOLATILE (295) 61
CONST (296) 60


Μη τερματικά σύμβολα, με κανόνες όπου εμφανίζονται

$accept (42)
   στα αριστερά: 0
scdeclaration_unit (43)
   στα αριστερά: 1 2,στα δεξιά: 0
scdeclarations (44)
   στα αριστερά: 3 4 5 6,στα δεξιά: 2 5 6
scdeclaration (45)
   στα αριστερά: 7 8,στα δεξιά: 3 5
declaration_specifiers (46)
   στα αριστερά: 9 10 11 12 13 14,στα δεξιά: 7 8 10 12 14 82 83 84
init_declarator_list (47)
   στα αριστερά: 15 16,στα δεξιά: 8 16
init_declarator (48)
   στα αριστερά: 17 18,στα δεξιά: 15 16
storage_class_specifier (49)
   στα αριστερά: 19 20 21 22 23,στα δεξιά: 9 10
type_specifier (50)
   στα αριστερά: 24 25 26 27 28 29 30 31 32 33 34 35,στα δεξιά: 11
    12 44 45
struct_or_union_specifier (51)
   στα αριστερά: 36 37 38,στα δεξιά: 33
struct_or_union (52)
   στα αριστερά: 39 40,στα δεξιά: 36 37 38
struct_declaration_list (53)
   στα αριστερά: 41 42,στα δεξιά: 36 37 42
struct_declaration (54)
   στα αριστερά: 43,στα δεξιά: 41 42
specifier_qualifier_list (55)
   στα αριστερά: 44 45 46 47,στα δεξιά: 43 44 46 85
struct_declarator_list (56)
   στα αριστερά: 48 49,στα δεξιά: 43 49
struct_declarator (57)
   στα αριστερά: 50 51 52,στα δεξιά: 48 49
enum_specifier (58)
   στα αριστερά: 53 54 55,στα δεξιά: 34
enumerator_list (59)
   στα αριστερά: 56 57,στα δεξιά: 53 54 57
enumerator (60)
   στα αριστερά: 58 59,στα δεξιά: 56 57
type_qualifier (61)
   στα αριστερά: 60 61 62 63,στα δεξιά: 13 14 46 47 76 77
declarator (62)
   στα αριστερά: 64 65,στα δεξιά: 17 18 50 52 67 82
direct_declarator (63)
   στα αριστερά: 66 67 68 69 70 71,στα δεξιά: 64 65 68 69 70 71
pointer (64)
   στα αριστερά: 72 73 74 75,στα δεξιά: 64 74 75 86 88
type_qualifier_list (65)
   στα αριστερά: 76 77,στα δεξιά: 73 75 77
parameter_type_list (66)
   στα αριστερά: 78 79,στα δεξιά: 70 95 97
parameter_list (67)
   στα αριστερά: 80 81,στα δεξιά: 78 79 81
parameter_declaration (68)
   στα αριστερά: 82 83 84,στα δεξιά: 80 81
type_name (69)
   στα αριστερά: 85,στα δεξιά: 4 6
abstract_declarator (70)
   στα αριστερά: 86 87 88,στα δεξιά: 83 85 89
direct_abstract_declarator (71)
   στα αριστερά: 89 90 91 92 93 94 95 96 97,στα δεξιά: 87 88 92 93
    96 97
initializer (72)
   στα αριστερά: 98 99 100,στα δεξιά: 18 101 102
initializer_list (73)
   στα αριστερά: 101 102,στα δεξιά: 99 100 102
qualified_id (74)
   στα αριστερά: 103 104 105,στα δεξιά: 36 38 54 55 66 105
assignment_expression (75)
   στα αριστερά: 106,στα δεξιά: 98
constant_expression (76)
   στα αριστερά: 107,στα δεξιά: 51 52 59 68 91 93


κατάσταση 0

    0 $accept: . scdeclaration_unit "end of file"

    INT              ολίσθηση, και μετάβαση στη κατάσταση 1
    LONG             ολίσθηση, και μετάβαση στη κατάσταση 2
    REGISTER         ολίσθηση, και μετάβαση στη κατάσταση 3
    FLOAT            ολίσθηση, και μετάβαση στη κατάσταση 4
    DOUBLE           ολίσθηση, και μετάβαση στη κατάσταση 5
    UNSIGNED         ολίσθηση, και μετάβαση στη κατάσταση 6
    SIGNED           ολίσθηση, και μετάβαση στη κατάσταση 7
    TYPE_NAME        ολίσθηση, και μετάβαση στη κατάσταση 8
    STRUCT           ολίσθηση, και μετάβαση στη κατάσταση 9
    UNION            ολίσθηση, και μετάβαση στη κατάσταση 10
    TYPEDEF          ολίσθηση, και μετάβαση στη κατάσταση 11
    ENUM             ολίσθηση, και μετάβαση στη κατάσταση 12
    EXTERN           ολίσθηση, και μετάβαση στη κατάσταση 13
    STATIC           ολίσθηση, και μετάβαση στη κατάσταση 14
    AUTO             ολίσθηση, και μετάβαση στη κατάσταση 15
    VOID             ολίσθηση, και μετάβαση στη κατάσταση 16
    CHAR             ολίσθηση, και μετάβαση στη κατάσταση 17
    SHORT            ολίσθηση, και μετάβαση στη κατάσταση 18
    TYPE_EXPRESSION  ολίσθηση, και μετάβαση στη κατάσταση 19
    OUT              ολίσθηση, και μετάβαση στη κατάσταση 20
    IN               ολίσθηση, και μετάβαση στη κατάσταση 21
    VOLATILE         ολίσθηση, και μετάβαση στη κατάσταση 22
    CONST            ολίσθηση, και μετάβαση στη κατάσταση 23

    $default  ελάττωση με χρήση του κανόνα 1 (scdeclaration_unit)

    scdeclaration_unit         πήγαινε στην κατάσταση 24
    scdeclarations             πήγαινε στην κατάσταση 25
    scdeclaration              πήγαινε στην κατάσταση 26
    declaration_specifiers     πήγαινε στην κατάσταση 27
    storage_class_specifier    πήγαινε στην κατάσταση 28
    type_specifier             πήγαινε στην κατάσταση 29
    struct_or_union_specifier  πήγαινε στην κατάσταση 30
    struct_or_union            πήγαινε στην κατάσταση 31
    enum_specifier             πήγαινε στην κατάσταση 32
    type_qualifier             πήγαινε στην κατάσταση 33


κατάσταση 1

   27 type_specifier: INT .

    $default  ελάττωση με χρήση του κανόνα 27 (type_specifier)


κατάσταση 2

   28 type_specifier: LONG .

    $default  ελάττωση με χρήση του κανόνα 28 (type_specifier)


κατάσταση 3

   23 storage_class_specifier: REGISTER .

    $default  ελάττωση με χρήση του κανόνα 23 (storage_class_specifier)


κατάσταση 4

   29 type_specifier: FLOAT .

    $default  ελάττωση με χρήση του κανόνα 29 (type_specifier)


κατάσταση 5

   30 type_specifier: DOUBLE .

    $default  ελάττωση με χρήση του κανόνα 30 (type_specifier)


κατάσταση 6

   32 type_specifier: UNSIGNED .

    $default  ελάττωση με χρήση του κανόνα 32 (type_specifier)


κατάσταση 7

   31 type_specifier: SIGNED .

    $default  ελάττωση με χρήση του κανόνα 31 (type_specifier)


κατάσταση 8

   35 type_specifier: TYPE_NAME .

    $default  ελάττωση με χρήση του κανόνα 35 (type_specifier)


κατάσταση 9

   39 struct_or_union: STRUCT .

    $default  ελάττωση με χρήση του κανόνα 39 (struct_or_union)


κατάσταση 10

   40 struct_or_union: UNION .

    $default  ελάττωση με χρήση του κανόνα 40 (struct_or_union)


κατάσταση 11

   19 storage_class_specifier: TYPEDEF .

    $default  ελάττωση με χρήση του κανόνα 19 (storage_class_specifier)


κατάσταση 12

   53 enum_specifier: ENUM . LBRACE enumerator_list RBRACE
   54               | ENUM . qualified_id LBRACE enumerator_list RBRACE
   55               | ENUM . qualified_id

    LBRACE      ολίσθηση, και μετάβαση στη κατάσταση 34
    IDENTIFIER  ολίσθηση, και μετάβαση στη κατάσταση 35
    SCOPE_OP    ολίσθηση, και μετάβαση στη κατάσταση 36

    qualified_id  πήγαινε στην κατάσταση 37


κατάσταση 13

   20 storage_class_specifier: EXTERN .

    $default  ελάττωση με χρήση του κανόνα 20 (storage_class_specifier)


κατάσταση 14

   21 storage_class_specifier: STATIC .

    $default  ελάττωση με χρήση του κανόνα 21 (storage_class_specifier)


κατάσταση 15

   22 storage_class_specifier: AUTO .

    $default  ελάττωση με χρήση του κανόνα 22 (storage_class_specifier)


κατάσταση 16

   24 type_specifier: VOID .

    $default  ελάττωση με χρήση του κανόνα 24 (type_specifier)


κατάσταση 17

   25 type_specifier: CHAR .

    $default  ελάττωση με χρήση του κανόνα 25 (type_specifier)


κατάσταση 18

   26 type_specifier: SHORT .

    $default  ελάττωση με χρήση του κανόνα 26 (type_specifier)


κατάσταση 19

    4 scdeclarations: TYPE_EXPRESSION . type_name
    6               | TYPE_EXPRESSION . type_name scdeclarations

    INT        ολίσθηση, και μετάβαση στη κατάσταση 1
    LONG       ολίσθηση, και μετάβαση στη κατάσταση 2
    FLOAT      ολίσθηση, και μετάβαση στη κατάσταση 4
    DOUBLE     ολίσθηση, και μετάβαση στη κατάσταση 5
    UNSIGNED   ολίσθηση, και μετάβαση στη κατάσταση 6
    SIGNED     ολίσθηση, και μετάβαση στη κατάσταση 7
    TYPE_NAME  ολίσθηση, και μετάβαση στη κατάσταση 8
    STRUCT     ολίσθηση, και μετάβαση στη κατάσταση 9
    UNION      ολίσθηση, και μετάβαση στη κατάσταση 10
    ENUM       ολίσθηση, και μετάβαση στη κατάσταση 12
    VOID       ολίσθηση, και μετάβαση στη κατάσταση 16
    CHAR       ολίσθηση, και μετάβαση στη κατάσταση 17
    SHORT      ολίσθηση, και μετάβαση στη κατάσταση 18
    OUT        ολίσθηση, και μετάβαση στη κατάσταση 20
    IN         ολίσθηση, και μετάβαση στη κατάσταση 21
    VOLATILE   ολίσθηση, και μετάβαση στη κατάσταση 22
    CONST      ολίσθηση, και μετάβαση στη κατάσταση 23

    type_specifier             πήγαινε στην κατάσταση 38
    struct_or_union_specifier  πήγαινε στην κατάσταση 30
    struct_or_union            πήγαινε στην κατάσταση 31
    specifier_qualifier_list   πήγαινε στην κατάσταση 39
    enum_specifier             πήγαινε στην κατάσταση 32
    type_qualifier             πήγαινε στην κατάσταση 40
    type_name                  πήγαινε στην κατάσταση 41


κατάσταση 20

   63 type_qualifier: OUT .

    $default  ελάττωση με χρήση του κανόνα 63 (type_qualifier)


κατάσταση 21

   62 type_qualifier: IN .

    $default  ελάττωση με χρήση του κανόνα 62 (type_qualifier)


κατάσταση 22

   61 type_qualifier: VOLATILE .

    $default  ελάττωση με χρήση του κανόνα 61 (type_qualifier)


κατάσταση 23

   60 type_qualifier: CONST .

    $default  ελάττωση με χρήση του κανόνα 60 (type_qualifier)


κατάσταση 24

    0 $accept: scdeclaration_unit . "end of file"

    "end of file"  ολίσθηση, και μετάβαση στη κατάσταση 42


κατάσταση 25

    2 scdeclaration_unit: scdeclarations .

    $default  ελάττωση με χρήση του κανόνα 2 (scdeclaration_unit)


κατάσταση 26

    3 scdeclarations: scdeclaration .
    5               | scdeclaration . scdeclarations

    INT              ολίσθηση, και μετάβαση στη κατάσταση 1
    LONG             ολίσθηση, και μετάβαση στη κατάσταση 2
    REGISTER         ολίσθηση, και μετάβαση στη κατάσταση 3
    FLOAT            ολίσθηση, και μετάβαση στη κατάσταση 4
    DOUBLE           ολίσθηση, και μετάβαση στη κατάσταση 5
    UNSIGNED         ολίσθηση, και μετάβαση στη κατάσταση 6
    SIGNED           ολίσθηση, και μετάβαση στη κατάσταση 7
    TYPE_NAME        ολίσθηση, και μετάβαση στη κατάσταση 8
    STRUCT           ολίσθηση, και μετάβαση στη κατάσταση 9
    UNION            ολίσθηση, και μετάβαση στη κατάσταση 10
    TYPEDEF          ολίσθηση, και μετάβαση στη κατάσταση 11
    ENUM             ολίσθηση, και μετάβαση στη κατάσταση 12
    EXTERN           ολίσθηση, και μετάβαση στη κατάσταση 13
    STATIC           ολίσθηση, και μετάβαση στη κατάσταση 14
    AUTO             ολίσθηση, και μετάβαση στη κατάσταση 15
    VOID             ολίσθηση, και μετάβαση στη κατάσταση 16
    CHAR             ολίσθηση, και μετάβαση στη κατάσταση 17
    SHORT            ολίσθηση, και μετάβαση στη κατάσταση 18
    TYPE_EXPRESSION  ολίσθηση, και μετάβαση στη κατάσταση 19
    OUT              ολίσθηση, και μετάβαση στη κατάσταση 20
    IN               ολίσθηση, και μετάβαση στη κατάσταση 21
    VOLATILE         ολίσθηση, και μετάβαση στη κατάσταση 22
    CONST            ολίσθηση, και μετάβαση στη κατάσταση 23

    $default  ελάττωση με χρήση του κανόνα 3 (scdeclarations)

    scdeclarations             πήγαινε στην κατάσταση 43
    scdeclaration              πήγαινε στην κατάσταση 26
    declaration_specifiers     πήγαινε στην κατάσταση 27
    storage_class_specifier    πήγαινε στην κατάσταση 28
    type_specifier             πήγαινε στην κατάσταση 29
    struct_or_union_specifier  πήγαινε στην κατάσταση 30
    struct_or_union            πήγαινε στην κατάσταση 31
    enum_specifier             πήγαινε στην κατάσταση 32
    type_qualifier             πήγαινε στην κατάσταση 33


κατάσταση 27

    7 scdeclaration: declaration_specifiers . SEMICOLON
    8              | declaration_specifiers . init_declarator_list SEMICOLON

    SEMICOLON     ολίσθηση, και μετάβαση στη κατάσταση 44
    LPARENTHESIS  ολίσθηση, και μετάβαση στη κατάσταση 45
    ASTERISK      ολίσθηση, και μετάβαση στη κατάσταση 46
    IDENTIFIER    ολίσθηση, και μετάβαση στη κατάσταση 35
    SCOPE_OP      ολίσθηση, και μετάβαση στη κατάσταση 36

    init_declarator_list  πήγαινε στην κατάσταση 47
    init_declarator       πήγαινε στην κατάσταση 48
    declarator            πήγαινε στην κατάσταση 49
    direct_declarator     πήγαινε στην κατάσταση 50
    pointer               πήγαινε στην κατάσταση 51
    qualified_id          πήγαινε στην κατάσταση 52


κατάσταση 28

    9 declaration_specifiers: storage_class_specifier .
   10                       | storage_class_specifier . declaration_specifiers

    INT        ολίσθηση, και μετάβαση στη κατάσταση 1
    LONG       ολίσθηση, και μετάβαση στη κατάσταση 2
    REGISTER   ολίσθηση, και μετάβαση στη κατάσταση 3
    FLOAT      ολίσθηση, και μετάβαση στη κατάσταση 4
    DOUBLE     ολίσθηση, και μετάβαση στη κατάσταση 5
    UNSIGNED   ολίσθηση, και μετάβαση στη κατάσταση 6
    SIGNED     ολίσθηση, και μετάβαση στη κατάσταση 7
    TYPE_NAME  ολίσθηση, και μετάβαση στη κατάσταση 8
    STRUCT     ολίσθηση, και μετάβαση στη κατάσταση 9
    UNION      ολίσθηση, και μετάβαση στη κατάσταση 10
    TYPEDEF    ολίσθηση, και μετάβαση στη κατάσταση 11
    ENUM       ολίσθηση, και μετάβαση στη κατάσταση 12
    EXTERN     ολίσθηση, και μετάβαση στη κατάσταση 13
    STATIC     ολίσθηση, και μετάβαση στη κατάσταση 14
    AUTO       ολίσθηση, και μετάβαση στη κατάσταση 15
    VOID       ολίσθηση, και μετάβαση στη κατάσταση 16
    CHAR       ολίσθηση, και μετάβαση στη κατάσταση 17
    SHORT      ολίσθηση, και μετάβαση στη κατάσταση 18
    OUT        ολίσθηση, και μετάβαση στη κατάσταση 20
    IN         ολίσθηση, και μετάβαση στη κατάσταση 21
    VOLATILE   ολίσθηση, και μετάβαση στη κατάσταση 22
    CONST      ολίσθηση, και μετάβαση στη κατάσταση 23

    $default  ελάττωση με χρήση του κανόνα 9 (declaration_specifiers)

    declaration_specifiers     πήγαινε στην κατάσταση 53
    storage_class_specifier    πήγαινε στην κατάσταση 28
    type_specifier             πήγαινε στην κατάσταση 29
    struct_or_union_specifier  πήγαινε στην κατάσταση 30
    struct_or_union            πήγαινε στην κατάσταση 31
    enum_specifier             πήγαινε στην κατάσταση 32
    type_qualifier             πήγαινε στην κατάσταση 33


κατάσταση 29

   11 declaration_specifiers: type_specifier .
   12                       | type_specifier . declaration_specifiers

    INT        ολίσθηση, και μετάβαση στη κατάσταση 1
    LONG       ολίσθηση, και μετάβαση στη κατάσταση 2
    REGISTER   ολίσθηση, και μετάβαση στη κατάσταση 3
    FLOAT      ολίσθηση, και μετάβαση στη κατάσταση 4
    DOUBLE     ολίσθηση, και μετάβαση στη κατάσταση 5
    UNSIGNED   ολίσθηση, και μετάβαση στη κατάσταση 6
    SIGNED     ολίσθηση, και μετάβαση στη κατάσταση 7
    TYPE_NAME  ολίσθηση, και μετάβαση στη κατάσταση 8
    STRUCT     ολίσθηση, και μετάβαση στη κατάσταση 9
    UNION      ολίσθηση, και μετάβαση στη κατάσταση 10
    TYPEDEF    ολίσθηση, και μετάβαση στη κατάσταση 11
    ENUM       ολίσθηση, και μετάβαση στη κατάσταση 12
    EXTERN     ολίσθηση, και μετάβαση στη κατάσταση 13
    STATIC     ολίσθηση, και μετάβαση στη κατάσταση 14
    AUTO       ολίσθηση, και μετάβαση στη κατάσταση 15
    VOID       ολίσθηση, και μετάβαση στη κατάσταση 16
    CHAR       ολίσθηση, και μετάβαση στη κατάσταση 17
    SHORT      ολίσθηση, και μετάβαση στη κατάσταση 18
    OUT        ολίσθηση, και μετάβαση στη κατάσταση 20
    IN         ολίσθηση, και μετάβαση στη κατάσταση 21
    VOLATILE   ολίσθηση, και μετάβαση στη κατάσταση 22
    CONST      ολίσθηση, και μετάβαση στη κατάσταση 23

    $default  ελάττωση με χρήση του κανόνα 11 (declaration_specifiers)

    declaration_specifiers     πήγαινε στην κατάσταση 54
    storage_class_specifier    πήγαινε στην κατάσταση 28
    type_specifier             πήγαινε στην κατάσταση 29
    struct_or_union_specifier  πήγαινε στην κατάσταση 30
    struct_or_union            πήγαινε στην κατάσταση 31
    enum_specifier             πήγαινε στην κατάσταση 32
    type_qualifier             πήγαινε στην κατάσταση 33


κατάσταση 30

   33 type_specifier: struct_or_union_specifier .

    $default  ελάττωση με χρήση του κανόνα 33 (type_specifier)


κατάσταση 31

   36 struct_or_union_specifier: struct_or_union . qualified_id LBRACE struct_declaration_list RBRACE
   37                          | struct_or_union . LBRACE struct_declaration_list RBRACE
   38                          | struct_or_union . qualified_id

    LBRACE      ολίσθηση, και μετάβαση στη κατάσταση 55
    IDENTIFIER  ολίσθηση, και μετάβαση στη κατάσταση 35
    SCOPE_OP    ολίσθηση, και μετάβαση στη κατάσταση 36

    qualified_id  πήγαινε στην κατάσταση 56


κατάσταση 32

   34 type_specifier: enum_specifier .

    $default  ελάττωση με χρήση του κανόνα 34 (type_specifier)


κατάσταση 33

   13 declaration_specifiers: type_qualifier .
   14                       | type_qualifier . declaration_specifiers

    INT        ολίσθηση, και μετάβαση στη κατάσταση 1
    LONG       ολίσθηση, και μετάβαση στη κατάσταση 2
    REGISTER   ολίσθηση, και μετάβαση στη κατάσταση 3
    FLOAT      ολίσθηση, και μετάβαση στη κατάσταση 4
    DOUBLE     ολίσθηση, και μετάβαση στη κατάσταση 5
    UNSIGNED   ολίσθηση, και μετάβαση στη κατάσταση 6
    SIGNED     ολίσθηση, και μετάβαση στη κατάσταση 7
    TYPE_NAME  ολίσθηση, και μετάβαση στη κατάσταση 8
    STRUCT     ολίσθηση, και μετάβαση στη κατάσταση 9
    UNION      ολίσθηση, και μετάβαση στη κατάσταση 10
    TYPEDEF    ολίσθηση, και μετάβαση στη κατάσταση 11
    ENUM       ολίσθηση, και μετάβαση στη κατάσταση 12
    EXTERN     ολίσθηση, και μετάβαση στη κατάσταση 13
    STATIC     ολίσθηση, και μετάβαση στη κατάσταση 14
    AUTO       ολίσθηση, και μετάβαση στη κατάσταση 15
    VOID       ολίσθηση, και μετάβαση στη κατάσταση 16
    CHAR       ολίσθηση, και μετάβαση στη κατάσταση 17
    SHORT      ολίσθηση, και μετάβαση στη κατάσταση 18
    OUT        ολίσθηση, και μετάβαση στη κατάσταση 20
    IN         ολίσθηση, και μετάβαση στη κατάσταση 21
    VOLATILE   ολίσθηση, και μετάβαση στη κατάσταση 22
    CONST      ολίσθηση, και μετάβαση στη κατάσταση 23

    $default  ελάττωση με χρήση του κανόνα 13 (declaration_specifiers)

    declaration_specifiers     πήγαινε στην κατάσταση 57
    storage_class_specifier    πήγαινε στην κατάσταση 28
    type_specifier             πήγαινε στην κατάσταση 29
    struct_or_union_specifier  πήγαινε στην κατάσταση 30
    struct_or_union            πήγαινε στην κατάσταση 31
    enum_specifier             πήγαινε στην κατάσταση 32
    type_qualifier             πήγαινε στην κατάσταση 33


κατάσταση 34

   53 enum_specifier: ENUM LBRACE . enumerator_list RBRACE

    IDENTIFIER  ολίσθηση, και μετάβαση στη κατάσταση 58

    enumerator_list  πήγαινε στην κατάσταση 59
    enumerator       πήγαινε στην κατάσταση 60


κατάσταση 35

  103 qualified_id: IDENTIFIER .

    $default  ελάττωση με χρήση του κανόνα 103 (qualified_id)


κατάσταση 36

  104 qualified_id: SCOPE_OP . IDENTIFIER

    IDENTIFIER  ολίσθηση, και μετάβαση στη κατάσταση 61


κατάσταση 37

   54 enum_specifier: ENUM qualified_id . LBRACE enumerator_list RBRACE
   55               | ENUM qualified_id .
  105 qualified_id: qualified_id . SCOPE_OP IDENTIFIER

    LBRACE    ολίσθηση, και μετάβαση στη κατάσταση 62
    SCOPE_OP  ολίσθηση, και μετάβαση στη κατάσταση 63

    $default  ελάττωση με χρήση του κανόνα 55 (enum_specifier)


κατάσταση 38

   44 specifier_qualifier_list: type_specifier . specifier_qualifier_list
   45                         | type_specifier .

    INT        ολίσθηση, και μετάβαση στη κατάσταση 1
    LONG       ολίσθηση, και μετάβαση στη κατάσταση 2
    FLOAT      ολίσθηση, και μετάβαση στη κατάσταση 4
    DOUBLE     ολίσθηση, και μετάβαση στη κατάσταση 5
    UNSIGNED   ολίσθηση, και μετάβαση στη κατάσταση 6
    SIGNED     ολίσθηση, και μετάβαση στη κατάσταση 7
    TYPE_NAME  ολίσθηση, και μετάβαση στη κατάσταση 8
    STRUCT     ολίσθηση, και μετάβαση στη κατάσταση 9
    UNION      ολίσθηση, και μετάβαση στη κατάσταση 10
    ENUM       ολίσθηση, και μετάβαση στη κατάσταση 12
    VOID       ολίσθηση, και μετάβαση στη κατάσταση 16
    CHAR       ολίσθηση, και μετάβαση στη κατάσταση 17
    SHORT      ολίσθηση, και μετάβαση στη κατάσταση 18
    OUT        ολίσθηση, και μετάβαση στη κατάσταση 20
    IN         ολίσθηση, και μετάβαση στη κατάσταση 21
    VOLATILE   ολίσθηση, και μετάβαση στη κατάσταση 22
    CONST      ολίσθηση, και μετάβαση στη κατάσταση 23

    $default  ελάττωση με χρήση του κανόνα 45 (specifier_qualifier_list)

    type_specifier             πήγαινε στην κατάσταση 38
    struct_or_union_specifier  πήγαινε στην κατάσταση 30
    struct_or_union            πήγαινε στην κατάσταση 31
    specifier_qualifier_list   πήγαινε στην κατάσταση 64
    enum_specifier             πήγαινε στην κατάσταση 32
    type_qualifier             πήγαινε στην κατάσταση 40


κατάσταση 39

   85 type_name: specifier_qualifier_list . abstract_declarator

    LPARENTHESIS  ολίσθηση, και μετάβαση στη κατάσταση 65
    LBRACKET      ολίσθηση, και μετάβαση στη κατάσταση 66
    ASTERISK      ολίσθηση, και μετάβαση στη κατάσταση 46

    pointer                     πήγαινε στην κατάσταση 67
    abstract_declarator         πήγαινε στην κατάσταση 68
    direct_abstract_declarator  πήγαινε στην κατάσταση 69


κατάσταση 40

   46 specifier_qualifier_list: type_qualifier . specifier_qualifier_list
   47                         | type_qualifier .

    INT        ολίσθηση, και μετάβαση στη κατάσταση 1
    LONG       ολίσθηση, και μετάβαση στη κατάσταση 2
    FLOAT      ολίσθηση, και μετάβαση στη κατάσταση 4
    DOUBLE     ολίσθηση, και μετάβαση στη κατάσταση 5
    UNSIGNED   ολίσθηση, και μετάβαση στη κατάσταση 6
    SIGNED     ολίσθηση, και μετάβαση στη κατάσταση 7
    TYPE_NAME  ολίσθηση, και μετάβαση στη κατάσταση 8
    STRUCT     ολίσθηση, και μετάβαση στη κατάσταση 9
    UNION      ολίσθηση, και μετάβαση στη κατάσταση 10
    ENUM       ολίσθηση, και μετάβαση στη κατάσταση 12
    VOID       ολίσθηση, και μετάβαση στη κατάσταση 16
    CHAR       ολίσθηση, και μετάβαση στη κατάσταση 17
    SHORT      ολίσθηση, και μετάβαση στη κατάσταση 18
    OUT        ολίσθηση, και μετάβαση στη κατάσταση 20
    IN         ολίσθηση, και μετάβαση στη κατάσταση 21
    VOLATILE   ολίσθηση, και μετάβαση στη κατάσταση 22
    CONST      ολίσθηση, και μετάβαση στη κατάσταση 23

    $default  ελάττωση με χρήση του κανόνα 47 (specifier_qualifier_list)

    type_specifier             πήγαινε στην κατάσταση 38
    struct_or_union_specifier  πήγαινε στην κατάσταση 30
    struct_or_union            πήγαινε στην κατάσταση 31
    specifier_qualifier_list   πήγαινε στην κατάσταση 70
    enum_specifier             πήγαινε στην κατάσταση 32
    type_qualifier             πήγαινε στην κατάσταση 40


κατάσταση 41

    4 scdeclarations: TYPE_EXPRESSION type_name .
    6               | TYPE_EXPRESSION type_name . scdeclarations

    INT              ολίσθηση, και μετάβαση στη κατάσταση 1
    LONG             ολίσθηση, και μετάβαση στη κατάσταση 2
    REGISTER         ολίσθηση, και μετάβαση στη κατάσταση 3
    FLOAT            ολίσθηση, και μετάβαση στη κατάσταση 4
    DOUBLE           ολίσθηση, και μετάβαση στη κατάσταση 5
    UNSIGNED         ολίσθηση, και μετάβαση στη κατάσταση 6
    SIGNED           ολίσθηση, και μετάβαση στη κατάσταση 7
    TYPE_NAME        ολίσθηση, και μετάβαση στη κατάσταση 8
    STRUCT           ολίσθηση, και μετάβαση στη κατάσταση 9
    UNION            ολίσθηση, και μετάβαση στη κατάσταση 10
    TYPEDEF          ολίσθηση, και μετάβαση στη κατάσταση 11
    ENUM             ολίσθηση, και μετάβαση στη κατάσταση 12
    EXTERN           ολίσθηση, και μετάβαση στη κατάσταση 13
    STATIC           ολίσθηση, και μετάβαση στη κατάσταση 14
    AUTO             ολίσθηση, και μετάβαση στη κατάσταση 15
    VOID             ολίσθηση, και μετάβαση στη κατάσταση 16
    CHAR             ολίσθηση, και μετάβαση στη κατάσταση 17
    SHORT            ολίσθηση, και μετάβαση στη κατάσταση 18
    TYPE_EXPRESSION  ολίσθηση, και μετάβαση στη κατάσταση 19
    OUT              ολίσθηση, και μετάβαση στη κατάσταση 20
    IN               ολίσθηση, και μετάβαση στη κατάσταση 21
    VOLATILE         ολίσθηση, και μετάβαση στη κατάσταση 22
    CONST            ολίσθηση, και μετάβαση στη κατάσταση 23

    $default  ελάττωση με χρήση του κανόνα 4 (scdeclarations)

    scdeclarations             πήγαινε στην κατάσταση 71
    scdeclaration              πήγαινε στην κατάσταση 26
    declaration_specifiers     πήγαινε στην κατάσταση 27
    storage_class_specifier    πήγαινε στην κατάσταση 28
    type_specifier             πήγαινε στην κατάσταση 29
    struct_or_union_specifier  πήγαινε στην κατάσταση 30
    struct_or_union            πήγαινε στην κατάσταση 31
    enum_specifier             πήγαινε στην κατάσταση 32
    type_qualifier             πήγαινε στην κατάσταση 33


κατάσταση 42

    0 $accept: scdeclaration_unit "end of file" .

    $default  αποδοχή


κατάσταση 43

    5 scdeclarations: scdeclaration scdeclarations .

    $default  ελάττωση με χρήση του κανόνα 5 (scdeclarations)


κατάσταση 44

    7 scdeclaration: declaration_specifiers SEMICOLON .

    $default  ελάττωση με χρήση του κανόνα 7 (scdeclaration)


κατάσταση 45

   67 direct_declarator: LPARENTHESIS . declarator RPARENTHESIS

    LPARENTHESIS  ολίσθηση, και μετάβαση στη κατάσταση 45
    ASTERISK      ολίσθηση, και μετάβαση στη κατάσταση 46
    IDENTIFIER    ολίσθηση, και μετάβαση στη κατάσταση 35
    SCOPE_OP      ολίσθηση, και μετάβαση στη κατάσταση 36

    declarator         πήγαινε στην κατάσταση 72
    direct_declarator  πήγαινε στην κατάσταση 50
    pointer            πήγαινε στην κατάσταση 51
    qualified_id       πήγαινε στην κατάσταση 52


κατάσταση 46

   72 pointer: ASTERISK .
   73        | ASTERISK . type_qualifier_list
   74        | ASTERISK . pointer
   75        | ASTERISK . type_qualifier_list pointer

    ASTERISK  ολίσθηση, και μετάβαση στη κατάσταση 46
    OUT       ολίσθηση, και μετάβαση στη κατάσταση 20
    IN        ολίσθηση, και μετάβαση στη κατάσταση 21
    VOLATILE  ολίσθηση, και μετάβαση στη κατάσταση 22
    CONST     ολίσθηση, και μετάβαση στη κατάσταση 23

    $default  ελάττωση με χρήση του κανόνα 72 (pointer)

    type_qualifier       πήγαινε στην κατάσταση 73
    pointer              πήγαινε στην κατάσταση 74
    type_qualifier_list  πήγαινε στην κατάσταση 75


κατάσταση 47

    8 scdeclaration: declaration_specifiers init_declarator_list . SEMICOLON
   16 init_declarator_list: init_declarator_list . COMMA init_declarator

    SEMICOLON  ολίσθηση, και μετάβαση στη κατάσταση 76
    COMMA      ολίσθηση, και μετάβαση στη κατάσταση 77


κατάσταση 48

   15 init_declarator_list: init_declarator .

    $default  ελάττωση με χρήση του κανόνα 15 (init_declarator_list)


κατάσταση 49

   17 init_declarator: declarator .
   18                | declarator . EQUALSIGN initializer

    EQUALSIGN  ολίσθηση, και μετάβαση στη κατάσταση 78

    $default  ελάττωση με χρήση του κανόνα 17 (init_declarator)


κατάσταση 50

   65 declarator: direct_declarator .
   68 direct_declarator: direct_declarator . LBRACKET constant_expression RBRACKET
   69                  | direct_declarator . LBRACKET RBRACKET
   70                  | direct_declarator . LPARENTHESIS parameter_type_list RPARENTHESIS
   71                  | direct_declarator . LPARENTHESIS RPARENTHESIS

    LPARENTHESIS  ολίσθηση, και μετάβαση στη κατάσταση 79
    LBRACKET      ολίσθηση, και μετάβαση στη κατάσταση 80

    $default  ελάττωση με χρήση του κανόνα 65 (declarator)


κατάσταση 51

   64 declarator: pointer . direct_declarator

    LPARENTHESIS  ολίσθηση, και μετάβαση στη κατάσταση 45
    IDENTIFIER    ολίσθηση, και μετάβαση στη κατάσταση 35
    SCOPE_OP      ολίσθηση, και μετάβαση στη κατάσταση 36

    direct_declarator  πήγαινε στην κατάσταση 81
    qualified_id       πήγαινε στην κατάσταση 52


κατάσταση 52

   66 direct_declarator: qualified_id .
  105 qualified_id: qualified_id . SCOPE_OP IDENTIFIER

    SCOPE_OP  ολίσθηση, και μετάβαση στη κατάσταση 63

    $default  ελάττωση με χρήση του κανόνα 66 (direct_declarator)


κατάσταση 53

   10 declaration_specifiers: storage_class_specifier declaration_specifiers .

    $default  ελάττωση με χρήση του κανόνα 10 (declaration_specifiers)


κατάσταση 54

   12 declaration_specifiers: type_specifier declaration_specifiers .

    $default  ελάττωση με χρήση του κανόνα 12 (declaration_specifiers)


κατάσταση 55

   37 struct_or_union_specifier: struct_or_union LBRACE . struct_declaration_list RBRACE

    INT        ολίσθηση, και μετάβαση στη κατάσταση 1
    LONG       ολίσθηση, και μετάβαση στη κατάσταση 2
    FLOAT      ολίσθηση, και μετάβαση στη κατάσταση 4
    DOUBLE     ολίσθηση, και μετάβαση στη κατάσταση 5
    UNSIGNED   ολίσθηση, και μετάβαση στη κατάσταση 6
    SIGNED     ολίσθηση, και μετάβαση στη κατάσταση 7
    TYPE_NAME  ολίσθηση, και μετάβαση στη κατάσταση 8
    STRUCT     ολίσθηση, και μετάβαση στη κατάσταση 9
    UNION      ολίσθηση, και μετάβαση στη κατάσταση 10
    ENUM       ολίσθηση, και μετάβαση στη κατάσταση 12
    VOID       ολίσθηση, και μετάβαση στη κατάσταση 16
    CHAR       ολίσθηση, και μετάβαση στη κατάσταση 17
    SHORT      ολίσθηση, και μετάβαση στη κατάσταση 18
    OUT        ολίσθηση, και μετάβαση στη κατάσταση 20
    IN         ολίσθηση, και μετάβαση στη κατάσταση 21
    VOLATILE   ολίσθηση, και μετάβαση στη κατάσταση 22
    CONST      ολίσθηση, και μετάβαση στη κατάσταση 23

    type_specifier             πήγαινε στην κατάσταση 38
    struct_or_union_specifier  πήγαινε στην κατάσταση 30
    struct_or_union            πήγαινε στην κατάσταση 31
    struct_declaration_list    πήγαινε στην κατάσταση 82
    struct_declaration         πήγαινε στην κατάσταση 83
    specifier_qualifier_list   πήγαινε στην κατάσταση 84
    enum_specifier             πήγαινε στην κατάσταση 32
    type_qualifier             πήγαινε στην κατάσταση 40


κατάσταση 56

   36 struct_or_union_specifier: struct_or_union qualified_id . LBRACE struct_declaration_list RBRACE
   38                          | struct_or_union qualified_id .
  105 qualified_id: qualified_id . SCOPE_OP IDENTIFIER

    LBRACE    ολίσθηση, και μετάβαση στη κατάσταση 85
    SCOPE_OP  ολίσθηση, και μετάβαση στη κατάσταση 63

    $default  ελάττωση με χρήση του κανόνα 38 (struct_or_union_specifier)


κατάσταση 57

   14 declaration_specifiers: type_qualifier declaration_specifiers .

    $default  ελάττωση με χρήση του κανόνα 14 (declaration_specifiers)


κατάσταση 58

   58 enumerator: IDENTIFIER .
   59           | IDENTIFIER . EQUALSIGN constant_expression

    EQUALSIGN  ολίσθηση, και μετάβαση στη κατάσταση 86

    $default  ελάττωση με χρήση του κανόνα 58 (enumerator)


κατάσταση 59

   53 enum_specifier: ENUM LBRACE enumerator_list . RBRACE
   57 enumerator_list: enumerator_list . COMMA enumerator

    COMMA   ολίσθηση, και μετάβαση στη κατάσταση 87
    RBRACE  ολίσθηση, και μετάβαση στη κατάσταση 88


κατάσταση 60

   56 enumerator_list: enumerator .

    $default  ελάττωση με χρήση του κανόνα 56 (enumerator_list)


κατάσταση 61

  104 qualified_id: SCOPE_OP IDENTIFIER .

    $default  ελάττωση με χρήση του κανόνα 104 (qualified_id)


κατάσταση 62

   54 enum_specifier: ENUM qualified_id LBRACE . enumerator_list RBRACE

    IDENTIFIER  ολίσθηση, και μετάβαση στη κατάσταση 58

    enumerator_list  πήγαινε στην κατάσταση 89
    enumerator       πήγαινε στην κατάσταση 60


κατάσταση 63

  105 qualified_id: qualified_id SCOPE_OP . IDENTIFIER

    IDENTIFIER  ολίσθηση, και μετάβαση στη κατάσταση 90


κατάσταση 64

   44 specifier_qualifier_list: type_specifier specifier_qualifier_list .

    $default  ελάττωση με χρήση του κανόνα 44 (specifier_qualifier_list)


κατάσταση 65

   89 direct_abstract_declarator: LPARENTHESIS . abstract_declarator RPARENTHESIS
   94                           | LPARENTHESIS . RPARENTHESIS
   95                           | LPARENTHESIS . parameter_type_list RPARENTHESIS

    LPARENTHESIS  ολίσθηση, και μετάβαση στη κατάσταση 65
    RPARENTHESIS  ολίσθηση, και μετάβαση στη κατάσταση 91
    LBRACKET      ολίσθηση, και μετάβαση στη κατάσταση 66
    ASTERISK      ολίσθηση, και μετάβαση στη κατάσταση 46
    INT           ολίσθηση, και μετάβαση στη κατάσταση 1
    LONG          ολίσθηση, και μετάβαση στη κατάσταση 2
    REGISTER      ολίσθηση, και μετάβαση στη κατάσταση 3
    FLOAT         ολίσθηση, και μετάβαση στη κατάσταση 4
    DOUBLE        ολίσθηση, και μετάβαση στη κατάσταση 5
    UNSIGNED      ολίσθηση, και μετάβαση στη κατάσταση 6
    SIGNED        ολίσθηση, και μετάβαση στη κατάσταση 7
    TYPE_NAME     ολίσθηση, και μετάβαση στη κατάσταση 8
    STRUCT        ολίσθηση, και μετάβαση στη κατάσταση 9
    UNION         ολίσθηση, και μετάβαση στη κατάσταση 10
    TYPEDEF       ολίσθηση, και μετάβαση στη κατάσταση 11
    ENUM          ολίσθηση, και μετάβαση στη κατάσταση 12
    EXTERN        ολίσθηση, και μετάβαση στη κατάσταση 13
    STATIC        ολίσθηση, και μετάβαση στη κατάσταση 14
    AUTO          ολίσθηση, και μετάβαση στη κατάσταση 15
    VOID          ολίσθηση, και μετάβαση στη κατάσταση 16
    CHAR          ολίσθηση, και μετάβαση στη κατάσταση 17
    SHORT         ολίσθηση, και μετάβαση στη κατάσταση 18
    OUT           ολίσθηση, και μετάβαση στη κατάσταση 20
    IN            ολίσθηση, και μετάβαση στη κατάσταση 21
    VOLATILE      ολίσθηση, και μετάβαση στη κατάσταση 22
    CONST         ολίσθηση, και μετάβαση στη κατάσταση 23

    declaration_specifiers      πήγαινε στην κατάσταση 92
    storage_class_specifier     πήγαινε στην κατάσταση 28
    type_specifier              πήγαινε στην κατάσταση 29
    struct_or_union_specifier   πήγαινε στην κατάσταση 30
    struct_or_union             πήγαινε στην κατάσταση 31
    enum_specifier              πήγαινε στην κατάσταση 32
    type_qualifier              πήγαινε στην κατάσταση 33
    pointer                     πήγαινε στην κατάσταση 67
    parameter_type_list         πήγαινε στην κατάσταση 93
    parameter_list              πήγαινε στην κατάσταση 94
    parameter_declaration       πήγαινε στην κατάσταση 95
    abstract_declarator         πήγαινε στην κατάσταση 96
    direct_abstract_declarator  πήγαινε στην κατάσταση 69


κατάσταση 66

   90 direct_abstract_declarator: LBRACKET . RBRACKET
   91                           | LBRACKET . constant_expression RBRACKET

    CONSTANT_EXPRESSION  ολίσθηση, και μετάβαση στη κατάσταση 97
    RBRACKET             ολίσθηση, και μετάβαση στη κατάσταση 98

    constant_expression  πήγαινε στην κατάσταση 99


κατάσταση 67

   86 abstract_declarator: pointer .
   88                    | pointer . direct_abstract_declarator

    LPARENTHESIS  ολίσθηση, και μετάβαση στη κατάσταση 65
    LBRACKET      ολίσθηση, και μετάβαση στη κατάσταση 66

    $default  ελάττωση με χρήση του κανόνα 86 (abstract_declarator)

    direct_abstract_declarator  πήγαινε στην κατάσταση 100


κατάσταση 68

   85 type_name: specifier_qualifier_list abstract_declarator .

    $default  ελάττωση με χρήση του κανόνα 85 (type_name)


κατάσταση 69

   87 abstract_declarator: direct_abstract_declarator .
   92 direct_abstract_declarator: direct_abstract_declarator . LBRACKET RBRACKET
   93                           | direct_abstract_declarator . LBRACKET constant_expression RBRACKET
   96                           | direct_abstract_declarator . LPARENTHESIS RPARENTHESIS
   97                           | direct_abstract_declarator . LPARENTHESIS parameter_type_list RPARENTHESIS

    LPARENTHESIS  ολίσθηση, και μετάβαση στη κατάσταση 101
    LBRACKET      ολίσθηση, και μετάβαση στη κατάσταση 102

    $default  ελάττωση με χρήση του κανόνα 87 (abstract_declarator)


κατάσταση 70

   46 specifier_qualifier_list: type_qualifier specifier_qualifier_list .

    $default  ελάττωση με χρήση του κανόνα 46 (specifier_qualifier_list)


κατάσταση 71

    6 scdeclarations: TYPE_EXPRESSION type_name scdeclarations .

    $default  ελάττωση με χρήση του κανόνα 6 (scdeclarations)


κατάσταση 72

   67 direct_declarator: LPARENTHESIS declarator . RPARENTHESIS

    RPARENTHESIS  ολίσθηση, και μετάβαση στη κατάσταση 103


κατάσταση 73

   76 type_qualifier_list: type_qualifier .

    $default  ελάττωση με χρήση του κανόνα 76 (type_qualifier_list)


κατάσταση 74

   74 pointer: ASTERISK pointer .

    $default  ελάττωση με χρήση του κανόνα 74 (pointer)


κατάσταση 75

   73 pointer: ASTERISK type_qualifier_list .
   75        | ASTERISK type_qualifier_list . pointer
   77 type_qualifier_list: type_qualifier_list . type_qualifier

    ASTERISK  ολίσθηση, και μετάβαση στη κατάσταση 46
    OUT       ολίσθηση, και μετάβαση στη κατάσταση 20
    IN        ολίσθηση, και μετάβαση στη κατάσταση 21
    VOLATILE  ολίσθηση, και μετάβαση στη κατάσταση 22
    CONST     ολίσθηση, και μετάβαση στη κατάσταση 23

    $default  ελάττωση με χρήση του κανόνα 73 (pointer)

    type_qualifier  πήγαινε στην κατάσταση 104
    pointer         πήγαινε στην κατάσταση 105


κατάσταση 76

    8 scdeclaration: declaration_specifiers init_declarator_list SEMICOLON .

    $default  ελάττωση με χρήση του κανόνα 8 (scdeclaration)


κατάσταση 77

   16 init_declarator_list: init_declarator_list COMMA . init_declarator

    LPARENTHESIS  ολίσθηση, και μετάβαση στη κατάσταση 45
    ASTERISK      ολίσθηση, και μετάβαση στη κατάσταση 46
    IDENTIFIER    ολίσθηση, και μετάβαση στη κατάσταση 35
    SCOPE_OP      ολίσθηση, και μετάβαση στη κατάσταση 36

    init_declarator    πήγαινε στην κατάσταση 106
    declarator         πήγαινε στην κατάσταση 49
    direct_declarator  πήγαινε στην κατάσταση 50
    pointer            πήγαινε στην κατάσταση 51
    qualified_id       πήγαινε στην κατάσταση 52


κατάσταση 78

   18 init_declarator: declarator EQUALSIGN . initializer

    CONSTANT_EXPRESSION  ολίσθηση, και μετάβαση στη κατάσταση 107
    LBRACE               ολίσθηση, και μετάβαση στη κατάσταση 108

    initializer            πήγαινε στην κατάσταση 109
    assignment_expression  πήγαινε στην κατάσταση 110


κατάσταση 79

   70 direct_declarator: direct_declarator LPARENTHESIS . parameter_type_list RPARENTHESIS
   71                  | direct_declarator LPARENTHESIS . RPARENTHESIS

    RPARENTHESIS  ολίσθηση, και μετάβαση στη κατάσταση 111
    INT           ολίσθηση, και μετάβαση στη κατάσταση 1
    LONG          ολίσθηση, και μετάβαση στη κατάσταση 2
    REGISTER      ολίσθηση, και μετάβαση στη κατάσταση 3
    FLOAT         ολίσθηση, και μετάβαση στη κατάσταση 4
    DOUBLE        ολίσθηση, και μετάβαση στη κατάσταση 5
    UNSIGNED      ολίσθηση, και μετάβαση στη κατάσταση 6
    SIGNED        ολίσθηση, και μετάβαση στη κατάσταση 7
    TYPE_NAME     ολίσθηση, και μετάβαση στη κατάσταση 8
    STRUCT        ολίσθηση, και μετάβαση στη κατάσταση 9
    UNION         ολίσθηση, και μετάβαση στη κατάσταση 10
    TYPEDEF       ολίσθηση, και μετάβαση στη κατάσταση 11
    ENUM          ολίσθηση, και μετάβαση στη κατάσταση 12
    EXTERN        ολίσθηση, και μετάβαση στη κατάσταση 13
    STATIC        ολίσθηση, και μετάβαση στη κατάσταση 14
    AUTO          ολίσθηση, και μετάβαση στη κατάσταση 15
    VOID          ολίσθηση, και μετάβαση στη κατάσταση 16
    CHAR          ολίσθηση, και μετάβαση στη κατάσταση 17
    SHORT         ολίσθηση, και μετάβαση στη κατάσταση 18
    OUT           ολίσθηση, και μετάβαση στη κατάσταση 20
    IN            ολίσθηση, και μετάβαση στη κατάσταση 21
    VOLATILE      ολίσθηση, και μετάβαση στη κατάσταση 22
    CONST         ολίσθηση, και μετάβαση στη κατάσταση 23

    declaration_specifiers     πήγαινε στην κατάσταση 92
    storage_class_specifier    πήγαινε στην κατάσταση 28
    type_specifier             πήγαινε στην κατάσταση 29
    struct_or_union_specifier  πήγαινε στην κατάσταση 30
    struct_or_union            πήγαινε στην κατάσταση 31
    enum_specifier             πήγαινε στην κατάσταση 32
    type_qualifier             πήγαινε στην κατάσταση 33
    parameter_type_list        πήγαινε στην κατάσταση 112
    parameter_list             πήγαινε στην κατάσταση 94
    parameter_declaration      πήγαινε στην κατάσταση 95


κατάσταση 80

   68 direct_declarator: direct_declarator LBRACKET . constant_expression RBRACKET
   69                  | direct_declarator LBRACKET . RBRACKET

    CONSTANT_EXPRESSION  ολίσθηση, και μετάβαση στη κατάσταση 97
    RBRACKET             ολίσθηση, και μετάβαση στη κατάσταση 113

    constant_expression  πήγαινε στην κατάσταση 114


κατάσταση 81

   64 declarator: pointer direct_declarator .
   68 direct_declarator: direct_declarator . LBRACKET constant_expression RBRACKET
   69                  | direct_declarator . LBRACKET RBRACKET
   70                  | direct_declarator . LPARENTHESIS parameter_type_list RPARENTHESIS
   71                  | direct_declarator . LPARENTHESIS RPARENTHESIS

    LPARENTHESIS  ολίσθηση, και μετάβαση στη κατάσταση 79
    LBRACKET      ολίσθηση, και μετάβαση στη κατάσταση 80

    $default  ελάττωση με χρήση του κανόνα 64 (declarator)


κατάσταση 82

   37 struct_or_union_specifier: struct_or_union LBRACE struct_declaration_list . RBRACE
   42 struct_declaration_list: struct_declaration_list . struct_declaration

    RBRACE     ολίσθηση, και μετάβαση στη κατάσταση 115
    INT        ολίσθηση, και μετάβαση στη κατάσταση 1
    LONG       ολίσθηση, και μετάβαση στη κατάσταση 2
    FLOAT      ολίσθηση, και μετάβαση στη κατάσταση 4
    DOUBLE     ολίσθηση, και μετάβαση στη κατάσταση 5
    UNSIGNED   ολίσθηση, και μετάβαση στη κατάσταση 6
    SIGNED     ολίσθηση, και μετάβαση στη κατάσταση 7
    TYPE_NAME  ολίσθηση, και μετάβαση στη κατάσταση 8
    STRUCT     ολίσθηση, και μετάβαση στη κατάσταση 9
    UNION      ολίσθηση, και μετάβαση στη κατάσταση 10
    ENUM       ολίσθηση, και μετάβαση στη κατάσταση 12
    VOID       ολίσθηση, και μετάβαση στη κατάσταση 16
    CHAR       ολίσθηση, και μετάβαση στη κατάσταση 17
    SHORT      ολίσθηση, και μετάβαση στη κατάσταση 18
    OUT        ολίσθηση, και μετάβαση στη κατάσταση 20
    IN         ολίσθηση, και μετάβαση στη κατάσταση 21
    VOLATILE   ολίσθηση, και μετάβαση στη κατάσταση 22
    CONST      ολίσθηση, και μετάβαση στη κατάσταση 23

    type_specifier             πήγαινε στην κατάσταση 38
    struct_or_union_specifier  πήγαινε στην κατάσταση 30
    struct_or_union            πήγαινε στην κατάσταση 31
    struct_declaration         πήγαινε στην κατάσταση 116
    specifier_qualifier_list   πήγαινε στην κατάσταση 84
    enum_specifier             πήγαινε στην κατάσταση 32
    type_qualifier             πήγαινε στην κατάσταση 40


κατάσταση 83

   41 struct_declaration_list: struct_declaration .

    $default  ελάττωση με χρήση του κανόνα 41 (struct_declaration_list)


κατάσταση 84

   43 struct_declaration: specifier_qualifier_list . struct_declarator_list SEMICOLON

    COLON         ολίσθηση, και μετάβαση στη κατάσταση 117
    LPARENTHESIS  ολίσθηση, και μετάβαση στη κατάσταση 45
    ASTERISK      ολίσθηση, και μετάβαση στη κατάσταση 46
    IDENTIFIER    ολίσθηση, και μετάβαση στη κατάσταση 35
    SCOPE_OP      ολίσθηση, και μετάβαση στη κατάσταση 36

    struct_declarator_list  πήγαινε στην κατάσταση 118
    struct_declarator       πήγαινε στην κατάσταση 119
    declarator              πήγαινε στην κατάσταση 120
    direct_declarator       πήγαινε στην κατάσταση 50
    pointer                 πήγαινε στην κατάσταση 51
    qualified_id            πήγαινε στην κατάσταση 52


κατάσταση 85

   36 struct_or_union_specifier: struct_or_union qualified_id LBRACE . struct_declaration_list RBRACE

    INT        ολίσθηση, και μετάβαση στη κατάσταση 1
    LONG       ολίσθηση, και μετάβαση στη κατάσταση 2
    FLOAT      ολίσθηση, και μετάβαση στη κατάσταση 4
    DOUBLE     ολίσθηση, και μετάβαση στη κατάσταση 5
    UNSIGNED   ολίσθηση, και μετάβαση στη κατάσταση 6
    SIGNED     ολίσθηση, και μετάβαση στη κατάσταση 7
    TYPE_NAME  ολίσθηση, και μετάβαση στη κατάσταση 8
    STRUCT     ολίσθηση, και μετάβαση στη κατάσταση 9
    UNION      ολίσθηση, και μετάβαση στη κατάσταση 10
    ENUM       ολίσθηση, και μετάβαση στη κατάσταση 12
    VOID       ολίσθηση, και μετάβαση στη κατάσταση 16
    CHAR       ολίσθηση, και μετάβαση στη κατάσταση 17
    SHORT      ολίσθηση, και μετάβαση στη κατάσταση 18
    OUT        ολίσθηση, και μετάβαση στη κατάσταση 20
    IN         ολίσθηση, και μετάβαση στη κατάσταση 21
    VOLATILE   ολίσθηση, και μετάβαση στη κατάσταση 22
    CONST      ολίσθηση, και μετάβαση στη κατάσταση 23

    type_specifier             πήγαινε στην κατάσταση 38
    struct_or_union_specifier  πήγαινε στην κατάσταση 30
    struct_or_union            πήγαινε στην κατάσταση 31
    struct_declaration_list    πήγαινε στην κατάσταση 121
    struct_declaration         πήγαινε στην κατάσταση 83
    specifier_qualifier_list   πήγαινε στην κατάσταση 84
    enum_specifier             πήγαινε στην κατάσταση 32
    type_qualifier             πήγαινε στην κατάσταση 40


κατάσταση 86

   59 enumerator: IDENTIFIER EQUALSIGN . constant_expression

    CONSTANT_EXPRESSION  ολίσθηση, και μετάβαση στη κατάσταση 97

    constant_expression  πήγαινε στην κατάσταση 122


κατάσταση 87

   57 enumerator_list: enumerator_list COMMA . enumerator

    IDENTIFIER  ολίσθηση, και μετάβαση στη κατάσταση 58

    enumerator  πήγαινε στην κατάσταση 123


κατάσταση 88

   53 enum_specifier: ENUM LBRACE enumerator_list RBRACE .

    $default  ελάττωση με χρήση του κανόνα 53 (enum_specifier)


κατάσταση 89

   54 enum_specifier: ENUM qualified_id LBRACE enumerator_list . RBRACE
   57 enumerator_list: enumerator_list . COMMA enumerator

    COMMA   ολίσθηση, και μετάβαση στη κατάσταση 87
    RBRACE  ολίσθηση, και μετάβαση στη κατάσταση 124


κατάσταση 90

  105 qualified_id: qualified_id SCOPE_OP IDENTIFIER .

    $default  ελάττωση με χρήση του κανόνα 105 (qualified_id)


κατάσταση 91

   94 direct_abstract_declarator: LPARENTHESIS RPARENTHESIS .

    $default  ελάττωση με χρήση του κανόνα 94 (direct_abstract_declarator)


κατάσταση 92

   82 parameter_declaration: declaration_specifiers . declarator
   83                      | declaration_specifiers . abstract_declarator
   84                      | declaration_specifiers .

    LPARENTHESIS  ολίσθηση, και μετάβαση στη κατάσταση 125
    LBRACKET      ολίσθηση, και μετάβαση στη κατάσταση 66
    ASTERISK      ολίσθηση, και μετάβαση στη κατάσταση 46
    IDENTIFIER    ολίσθηση, και μετάβαση στη κατάσταση 35
    SCOPE_OP      ολίσθηση, και μετάβαση στη κατάσταση 36

    $default  ελάττωση με χρήση του κανόνα 84 (parameter_declaration)

    declarator                  πήγαινε στην κατάσταση 126
    direct_declarator           πήγαινε στην κατάσταση 50
    pointer                     πήγαινε στην κατάσταση 127
    abstract_declarator         πήγαινε στην κατάσταση 128
    direct_abstract_declarator  πήγαινε στην κατάσταση 69
    qualified_id                πήγαινε στην κατάσταση 52


κατάσταση 93

   95 direct_abstract_declarator: LPARENTHESIS parameter_type_list . RPARENTHESIS

    RPARENTHESIS  ολίσθηση, και μετάβαση στη κατάσταση 129


κατάσταση 94

   78 parameter_type_list: parameter_list .
   79                    | parameter_list . COMMA ELLIPSIS
   81 parameter_list: parameter_list . COMMA parameter_declaration

    COMMA  ολίσθηση, και μετάβαση στη κατάσταση 130

    $default  ελάττωση με χρήση του κανόνα 78 (parameter_type_list)


κατάσταση 95

   80 parameter_list: parameter_declaration .

    $default  ελάττωση με χρήση του κανόνα 80 (parameter_list)


κατάσταση 96

   89 direct_abstract_declarator: LPARENTHESIS abstract_declarator . RPARENTHESIS

    RPARENTHESIS  ολίσθηση, και μετάβαση στη κατάσταση 131


κατάσταση 97

  107 constant_expression: CONSTANT_EXPRESSION .

    $default  ελάττωση με χρήση του κανόνα 107 (constant_expression)


κατάσταση 98

   90 direct_abstract_declarator: LBRACKET RBRACKET .

    $default  ελάττωση με χρήση του κανόνα 90 (direct_abstract_declarator)


κατάσταση 99

   91 direct_abstract_declarator: LBRACKET constant_expression . RBRACKET

    RBRACKET  ολίσθηση, και μετάβαση στη κατάσταση 132


κατάσταση 100

   88 abstract_declarator: pointer direct_abstract_declarator .
   92 direct_abstract_declarator: direct_abstract_declarator . LBRACKET RBRACKET
   93                           | direct_abstract_declarator . LBRACKET constant_expression RBRACKET
   96                           | direct_abstract_declarator . LPARENTHESIS RPARENTHESIS
   97                           | direct_abstract_declarator . LPARENTHESIS parameter_type_list RPARENTHESIS

    LPARENTHESIS  ολίσθηση, και μετάβαση στη κατάσταση 101
    LBRACKET      ολίσθηση, και μετάβαση στη κατάσταση 102

    $default  ελάττωση με χρήση του κανόνα 88 (abstract_declarator)


κατάσταση 101

   96 direct_abstract_declarator: direct_abstract_declarator LPARENTHESIS . RPARENTHESIS
   97                           | direct_abstract_declarator LPARENTHESIS . parameter_type_list RPARENTHESIS

    RPARENTHESIS  ολίσθηση, και μετάβαση στη κατάσταση 133
    INT           ολίσθηση, και μετάβαση στη κατάσταση 1
    LONG          ολίσθηση, και μετάβαση στη κατάσταση 2
    REGISTER      ολίσθηση, και μετάβαση στη κατάσταση 3
    FLOAT         ολίσθηση, και μετάβαση στη κατάσταση 4
    DOUBLE        ολίσθηση, και μετάβαση στη κατάσταση 5
    UNSIGNED      ολίσθηση, και μετάβαση στη κατάσταση 6
    SIGNED        ολίσθηση, και μετάβαση στη κατάσταση 7
    TYPE_NAME     ολίσθηση, και μετάβαση στη κατάσταση 8
    STRUCT        ολίσθηση, και μετάβαση στη κατάσταση 9
    UNION         ολίσθηση, και μετάβαση στη κατάσταση 10
    TYPEDEF       ολίσθηση, και μετάβαση στη κατάσταση 11
    ENUM          ολίσθηση, και μετάβαση στη κατάσταση 12
    EXTERN        ολίσθηση, και μετάβαση στη κατάσταση 13
    STATIC        ολίσθηση, και μετάβαση στη κατάσταση 14
    AUTO          ολίσθηση, και μετάβαση στη κατάσταση 15
    VOID          ολίσθηση, και μετάβαση στη κατάσταση 16
    CHAR          ολίσθηση, και μετάβαση στη κατάσταση 17
    SHORT         ολίσθηση, και μετάβαση στη κατάσταση 18
    OUT           ολίσθηση, και μετάβαση στη κατάσταση 20
    IN            ολίσθηση, και μετάβαση στη κατάσταση 21
    VOLATILE      ολίσθηση, και μετάβαση στη κατάσταση 22
    CONST         ολίσθηση, και μετάβαση στη κατάσταση 23

    declaration_specifiers     πήγαινε στην κατάσταση 92
    storage_class_specifier    πήγαινε στην κατάσταση 28
    type_specifier             πήγαινε στην κατάσταση 29
    struct_or_union_specifier  πήγαινε στην κατάσταση 30
    struct_or_union            πήγαινε στην κατάσταση 31
    enum_specifier             πήγαινε στην κατάσταση 32
    type_qualifier             πήγαινε στην κατάσταση 33
    parameter_type_list        πήγαινε στην κατάσταση 134
    parameter_list             πήγαινε στην κατάσταση 94
    parameter_declaration      πήγαινε στην κατάσταση 95


κατάσταση 102

   92 direct_abstract_declarator: direct_abstract_declarator LBRACKET . RBRACKET
   93                           | direct_abstract_declarator LBRACKET . constant_expression RBRACKET

    CONSTANT_EXPRESSION  ολίσθηση, και μετάβαση στη κατάσταση 97
    RBRACKET             ολίσθηση, και μετάβαση στη κατάσταση 135

    constant_expression  πήγαινε στην κατάσταση 136


κατάσταση 103

   67 direct_declarator: LPARENTHESIS declarator RPARENTHESIS .

    $default  ελάττωση με χρήση του κανόνα 67 (direct_declarator)


κατάσταση 104

   77 type_qualifier_list: type_qualifier_list type_qualifier .

    $default  ελάττωση με χρήση του κανόνα 77 (type_qualifier_list)


κατάσταση 105

   75 pointer: ASTERISK type_qualifier_list pointer .

    $default  ελάττωση με χρήση του κανόνα 75 (pointer)


κατάσταση 106

   16 init_declarator_list: init_declarator_list COMMA init_declarator .

    $default  ελάττωση με χρήση του κανόνα 16 (init_declarator_list)


κατάσταση 107

  106 assignment_expression: CONSTANT_EXPRESSION .

    $default  ελάττωση με χρήση του κανόνα 106 (assignment_expression)


κατάσταση 108

   99 initializer: LBRACE . initializer_list RBRACE
  100            | LBRACE . initializer_list COMMA RBRACE

    CONSTANT_EXPRESSION  ολίσθηση, και μετάβαση στη κατάσταση 107
    LBRACE               ολίσθηση, και μετάβαση στη κατάσταση 108

    initializer            πήγαινε στην κατάσταση 137
    initializer_list       πήγαινε στην κατάσταση 138
    assignment_expression  πήγαινε στην κατάσταση 110


κατάσταση 109

   18 init_declarator: declarator EQUALSIGN initializer .

    $default  ελάττωση με χρήση του κανόνα 18 (init_declarator)


κατάσταση 110

   98 initializer: assignment_expression .

    $default  ελάττωση με χρήση του κανόνα 98 (initializer)


κατάσταση 111

   71 direct_declarator: direct_declarator LPARENTHESIS RPARENTHESIS .

    $default  ελάττωση με χρήση του κανόνα 71 (direct_declarator)


κατάσταση 112

   70 direct_declarator: direct_declarator LPARENTHESIS parameter_type_list . RPARENTHESIS

    RPARENTHESIS  ολίσθηση, και μετάβαση στη κατάσταση 139


κατάσταση 113

   69 direct_declarator: direct_declarator LBRACKET RBRACKET .

    $default  ελάττωση με χρήση του κανόνα 69 (direct_declarator)


κατάσταση 114

   68 direct_declarator: direct_declarator LBRACKET constant_expression . RBRACKET

    RBRACKET  ολίσθηση, και μετάβαση στη κατάσταση 140


κατάσταση 115

   37 struct_or_union_specifier: struct_or_union LBRACE struct_declaration_list RBRACE .

    $default  ελάττωση με χρήση του κανόνα 37 (struct_or_union_specifier)


κατάσταση 116

   42 struct_declaration_list: struct_declaration_list struct_declaration .

    $default  ελάττωση με χρήση του κανόνα 42 (struct_declaration_list)


κατάσταση 117

   51 struct_declarator: COLON . constant_expression

    CONSTANT_EXPRESSION  ολίσθηση, και μετάβαση στη κατάσταση 97

    constant_expression  πήγαινε στην κατάσταση 141


κατάσταση 118

   43 struct_declaration: specifier_qualifier_list struct_declarator_list . SEMICOLON
   49 struct_declarator_list: struct_declarator_list . COMMA struct_declarator

    SEMICOLON  ολίσθηση, και μετάβαση στη κατάσταση 142
    COMMA      ολίσθηση, και μετάβαση στη κατάσταση 143


κατάσταση 119

   48 struct_declarator_list: struct_declarator .

    $default  ελάττωση με χρήση του κανόνα 48 (struct_declarator_list)


κατάσταση 120

   50 struct_declarator: declarator .
   52                  | declarator . COLON constant_expression

    COLON  ολίσθηση, και μετάβαση στη κατάσταση 144

    $default  ελάττωση με χρήση του κανόνα 50 (struct_declarator)


κατάσταση 121

   36 struct_or_union_specifier: struct_or_union qualified_id LBRACE struct_declaration_list . RBRACE
   42 struct_declaration_list: struct_declaration_list . struct_declaration

    RBRACE     ολίσθηση, και μετάβαση στη κατάσταση 145
    INT        ολίσθηση, και μετάβαση στη κατάσταση 1
    LONG       ολίσθηση, και μετάβαση στη κατάσταση 2
    FLOAT      ολίσθηση, και μετάβαση στη κατάσταση 4
    DOUBLE     ολίσθηση, και μετάβαση στη κατάσταση 5
    UNSIGNED   ολίσθηση, και μετάβαση στη κατάσταση 6
    SIGNED     ολίσθηση, και μετάβαση στη κατάσταση 7
    TYPE_NAME  ολίσθηση, και μετάβαση στη κατάσταση 8
    STRUCT     ολίσθηση, και μετάβαση στη κατάσταση 9
    UNION      ολίσθηση, και μετάβαση στη κατάσταση 10
    ENUM       ολίσθηση, και μετάβαση στη κατάσταση 12
    VOID       ολίσθηση, και μετάβαση στη κατάσταση 16
    CHAR       ολίσθηση, και μετάβαση στη κατάσταση 17
    SHORT      ολίσθηση, και μετάβαση στη κατάσταση 18
    OUT        ολίσθηση, και μετάβαση στη κατάσταση 20
    IN         ολίσθηση, και μετάβαση στη κατάσταση 21
    VOLATILE   ολίσθηση, και μετάβαση στη κατάσταση 22
    CONST      ολίσθηση, και μετάβαση στη κατάσταση 23

    type_specifier             πήγαινε στην κατάσταση 38
    struct_or_union_specifier  πήγαινε στην κατάσταση 30
    struct_or_union            πήγαινε στην κατάσταση 31
    struct_declaration         πήγαινε στην κατάσταση 116
    specifier_qualifier_list   πήγαινε στην κατάσταση 84
    enum_specifier             πήγαινε στην κατάσταση 32
    type_qualifier             πήγαινε στην κατάσταση 40


κατάσταση 122

   59 enumerator: IDENTIFIER EQUALSIGN constant_expression .

    $default  ελάττωση με χρήση του κανόνα 59 (enumerator)


κατάσταση 123

   57 enumerator_list: enumerator_list COMMA enumerator .

    $default  ελάττωση με χρήση του κανόνα 57 (enumerator_list)


κατάσταση 124

   54 enum_specifier: ENUM qualified_id LBRACE enumerator_list RBRACE .

    $default  ελάττωση με χρήση του κανόνα 54 (enum_specifier)


κατάσταση 125

   67 direct_declarator: LPARENTHESIS . declarator RPARENTHESIS
   89 direct_abstract_declarator: LPARENTHESIS . abstract_declarator RPARENTHESIS
   94                           | LPARENTHESIS . RPARENTHESIS
   95                           | LPARENTHESIS . parameter_type_list RPARENTHESIS

    LPARENTHESIS  ολίσθηση, και μετάβαση στη κατάσταση 125
    RPARENTHESIS  ολίσθηση, και μετάβαση στη κατάσταση 91
    LBRACKET      ολίσθηση, και μετάβαση στη κατάσταση 66
    ASTERISK      ολίσθηση, και μετάβαση στη κατάσταση 46
    INT           ολίσθηση, και μετάβαση στη κατάσταση 1
    LONG          ολίσθηση, και μετάβαση στη κατάσταση 2
    REGISTER      ολίσθηση, και μετάβαση στη κατάσταση 3
    FLOAT         ολίσθηση, και μετάβαση στη κατάσταση 4
    DOUBLE        ολίσθηση, και μετάβαση στη κατάσταση 5
    UNSIGNED      ολίσθηση, και μετάβαση στη κατάσταση 6
    SIGNED        ολίσθηση, και μετάβαση στη κατάσταση 7
    TYPE_NAME     ολίσθηση, και μετάβαση στη κατάσταση 8
    STRUCT        ολίσθηση, και μετάβαση στη κατάσταση 9
    IDENTIFIER    ολίσθηση, και μετάβαση στη κατάσταση 35
    UNION         ολίσθηση, και μετάβαση στη κατάσταση 10
    TYPEDEF       ολίσθηση, και μετάβαση στη κατάσταση 11
    ENUM          ολίσθηση, και μετάβαση στη κατάσταση 12
    EXTERN        ολίσθηση, και μετάβαση στη κατάσταση 13
    STATIC        ολίσθηση, και μετάβαση στη κατάσταση 14
    AUTO          ολίσθηση, και μετάβαση στη κατάσταση 15
    VOID          ολίσθηση, και μετάβαση στη κατάσταση 16
    CHAR          ολίσθηση, και μετάβαση στη κατάσταση 17
    SHORT         ολίσθηση, και μετάβαση στη κατάσταση 18
    SCOPE_OP      ολίσθηση, και μετάβαση στη κατάσταση 36
    OUT           ολίσθηση, και μετάβαση στη κατάσταση 20
    IN            ολίσθηση, και μετάβαση στη κατάσταση 21
    VOLATILE      ολίσθηση, και μετάβαση στη κατάσταση 22
    CONST         ολίσθηση, και μετάβαση στη κατάσταση 23

    declaration_specifiers      πήγαινε στην κατάσταση 92
    storage_class_specifier     πήγαινε στην κατάσταση 28
    type_specifier              πήγαινε στην κατάσταση 29
    struct_or_union_specifier   πήγαινε στην κατάσταση 30
    struct_or_union             πήγαινε στην κατάσταση 31
    enum_specifier              πήγαινε στην κατάσταση 32
    type_qualifier              πήγαινε στην κατάσταση 33
    declarator                  πήγαινε στην κατάσταση 72
    direct_declarator           πήγαινε στην κατάσταση 50
    pointer                     πήγαινε στην κατάσταση 127
    parameter_type_list         πήγαινε στην κατάσταση 93
    parameter_list              πήγαινε στην κατάσταση 94
    parameter_declaration       πήγαινε στην κατάσταση 95
    abstract_declarator         πήγαινε στην κατάσταση 96
    direct_abstract_declarator  πήγαινε στην κατάσταση 69
    qualified_id                πήγαινε στην κατάσταση 52


κατάσταση 126

   82 parameter_declaration: declaration_specifiers declarator .

    $default  ελάττωση με χρήση του κανόνα 82 (parameter_declaration)


κατάσταση 127

   64 declarator: pointer . direct_declarator
   86 abstract_declarator: pointer .
   88                    | pointer . direct_abstract_declarator

    LPARENTHESIS  ολίσθηση, και μετάβαση στη κατάσταση 125
    LBRACKET      ολίσθηση, και μετάβαση στη κατάσταση 66
    IDENTIFIER    ολίσθηση, και μετάβαση στη κατάσταση 35
    SCOPE_OP      ολίσθηση, και μετάβαση στη κατάσταση 36

    $default  ελάττωση με χρήση του κανόνα 86 (abstract_declarator)

    direct_declarator           πήγαινε στην κατάσταση 81
    direct_abstract_declarator  πήγαινε στην κατάσταση 100
    qualified_id                πήγαινε στην κατάσταση 52


κατάσταση 128

   83 parameter_declaration: declaration_specifiers abstract_declarator .

    $default  ελάττωση με χρήση του κανόνα 83 (parameter_declaration)


κατάσταση 129

   95 direct_abstract_declarator: LPARENTHESIS parameter_type_list RPARENTHESIS .

    $default  ελάττωση με χρήση του κανόνα 95 (direct_abstract_declarator)


κατάσταση 130

   79 parameter_type_list: parameter_list COMMA . ELLIPSIS
   81 parameter_list: parameter_list COMMA . parameter_declaration

    INT        ολίσθηση, και μετάβαση στη κατάσταση 1
    LONG       ολίσθηση, και μετάβαση στη κατάσταση 2
    REGISTER   ολίσθηση, και μετάβαση στη κατάσταση 3
    FLOAT      ολίσθηση, και μετάβαση στη κατάσταση 4
    DOUBLE     ολίσθηση, και μετάβαση στη κατάσταση 5
    UNSIGNED   ολίσθηση, και μετάβαση στη κατάσταση 6
    SIGNED     ολίσθηση, και μετάβαση στη κατάσταση 7
    TYPE_NAME  ολίσθηση, και μετάβαση στη κατάσταση 8
    STRUCT     ολίσθηση, και μετάβαση στη κατάσταση 9
    UNION      ολίσθηση, και μετάβαση στη κατάσταση 10
    TYPEDEF    ολίσθηση, και μετάβαση στη κατάσταση 11
    ENUM       ολίσθηση, και μετάβαση στη κατάσταση 12
    EXTERN     ολίσθηση, και μετάβαση στη κατάσταση 13
    STATIC     ολίσθηση, και μετάβαση στη κατάσταση 14
    AUTO       ολίσθηση, και μετάβαση στη κατάσταση 15
    VOID       ολίσθηση, και μετάβαση στη κατάσταση 16
    ELLIPSIS   ολίσθηση, και μετάβαση στη κατάσταση 146
    CHAR       ολίσθηση, και μετάβαση στη κατάσταση 17
    SHORT      ολίσθηση, και μετάβαση στη κατάσταση 18
    OUT        ολίσθηση, και μετάβαση στη κατάσταση 20
    IN         ολίσθηση, και μετάβαση στη κατάσταση 21
    VOLATILE   ολίσθηση, και μετάβαση στη κατάσταση 22
    CONST      ολίσθηση, και μετάβαση στη κατάσταση 23

    declaration_specifiers     πήγαινε στην κατάσταση 92
    storage_class_specifier    πήγαινε στην κατάσταση 28
    type_specifier             πήγαινε στην κατάσταση 29
    struct_or_union_specifier  πήγαινε στην κατάσταση 30
    struct_or_union            πήγαινε στην κατάσταση 31
    enum_specifier             πήγαινε στην κατάσταση 32
    type_qualifier             πήγαινε στην κατάσταση 33
    parameter_declaration      πήγαινε στην κατάσταση 147


κατάσταση 131

   89 direct_abstract_declarator: LPARENTHESIS abstract_declarator RPARENTHESIS .

    $default  ελάττωση με χρήση του κανόνα 89 (direct_abstract_declarator)


κατάσταση 132

   91 direct_abstract_declarator: LBRACKET constant_expression RBRACKET .

    $default  ελάττωση με χρήση του κανόνα 91 (direct_abstract_declarator)


κατάσταση 133

   96 direct_abstract_declarator: direct_abstract_declarator LPARENTHESIS RPARENTHESIS .

    $default  ελάττωση με χρήση του κανόνα 96 (direct_abstract_declarator)


κατάσταση 134

   97 direct_abstract_declarator: direct_abstract_declarator LPARENTHESIS parameter_type_list . RPARENTHESIS

    RPARENTHESIS  ολίσθηση, και μετάβαση στη κατάσταση 148


κατάσταση 135

   92 direct_abstract_declarator: direct_abstract_declarator LBRACKET RBRACKET .

    $default  ελάττωση με χρήση του κανόνα 92 (direct_abstract_declarator)


κατάσταση 136

   93 direct_abstract_declarator: direct_abstract_declarator LBRACKET constant_expression . RBRACKET

    RBRACKET  ολίσθηση, και μετάβαση στη κατάσταση 149


κατάσταση 137

  101 initializer_list: initializer .

    $default  ελάττωση με χρήση του κανόνα 101 (initializer_list)


κατάσταση 138

   99 initializer: LBRACE initializer_list . RBRACE
  100            | LBRACE initializer_list . COMMA RBRACE
  102 initializer_list: initializer_list . COMMA initializer

    COMMA   ολίσθηση, και μετάβαση στη κατάσταση 150
    RBRACE  ολίσθηση, και μετάβαση στη κατάσταση 151


κατάσταση 139

   70 direct_declarator: direct_declarator LPARENTHESIS parameter_type_list RPARENTHESIS .

    $default  ελάττωση με χρήση του κανόνα 70 (direct_declarator)


κατάσταση 140

   68 direct_declarator: direct_declarator LBRACKET constant_expression RBRACKET .

    $default  ελάττωση με χρήση του κανόνα 68 (direct_declarator)


κατάσταση 141

   51 struct_declarator: COLON constant_expression .

    $default  ελάττωση με χρήση του κανόνα 51 (struct_declarator)


κατάσταση 142

   43 struct_declaration: specifier_qualifier_list struct_declarator_list SEMICOLON .

    $default  ελάττωση με χρήση του κανόνα 43 (struct_declaration)


κατάσταση 143

   49 struct_declarator_list: struct_declarator_list COMMA . struct_declarator

    COLON         ολίσθηση, και μετάβαση στη κατάσταση 117
    LPARENTHESIS  ολίσθηση, και μετάβαση στη κατάσταση 45
    ASTERISK      ολίσθηση, και μετάβαση στη κατάσταση 46
    IDENTIFIER    ολίσθηση, και μετάβαση στη κατάσταση 35
    SCOPE_OP      ολίσθηση, και μετάβαση στη κατάσταση 36

    struct_declarator  πήγαινε στην κατάσταση 152
    declarator         πήγαινε στην κατάσταση 120
    direct_declarator  πήγαινε στην κατάσταση 50
    pointer            πήγαινε στην κατάσταση 51
    qualified_id       πήγαινε στην κατάσταση 52


κατάσταση 144

   52 struct_declarator: declarator COLON . constant_expression

    CONSTANT_EXPRESSION  ολίσθηση, και μετάβαση στη κατάσταση 97

    constant_expression  πήγαινε στην κατάσταση 153


κατάσταση 145

   36 struct_or_union_specifier: struct_or_union qualified_id LBRACE struct_declaration_list RBRACE .

    $default  ελάττωση με χρήση του κανόνα 36 (struct_or_union_specifier)


κατάσταση 146

   79 parameter_type_list: parameter_list COMMA ELLIPSIS .

    $default  ελάττωση με χρήση του κανόνα 79 (parameter_type_list)


κατάσταση 147

   81 parameter_list: parameter_list COMMA parameter_declaration .

    $default  ελάττωση με χρήση του κανόνα 81 (parameter_list)


κατάσταση 148

   97 direct_abstract_declarator: direct_abstract_declarator LPARENTHESIS parameter_type_list RPARENTHESIS .

    $default  ελάττωση με χρήση του κανόνα 97 (direct_abstract_declarator)


κατάσταση 149

   93 direct_abstract_declarator: direct_abstract_declarator LBRACKET constant_expression RBRACKET .

    $default  ελάττωση με χρήση του κανόνα 93 (direct_abstract_declarator)


κατάσταση 150

  100 initializer: LBRACE initializer_list COMMA . RBRACE
  102 initializer_list: initializer_list COMMA . initializer

    CONSTANT_EXPRESSION  ολίσθηση, και μετάβαση στη κατάσταση 107
    LBRACE               ολίσθηση, και μετάβαση στη κατάσταση 108
    RBRACE               ολίσθηση, και μετάβαση στη κατάσταση 154

    initializer            πήγαινε στην κατάσταση 155
    assignment_expression  πήγαινε στην κατάσταση 110


κατάσταση 151

   99 initializer: LBRACE initializer_list RBRACE .

    $default  ελάττωση με χρήση του κανόνα 99 (initializer)


κατάσταση 152

   49 struct_declarator_list: struct_declarator_list COMMA struct_declarator .

    $default  ελάττωση με χρήση του κανόνα 49 (struct_declarator_list)


κατάσταση 153

   52 struct_declarator: declarator COLON constant_expression .

    $default  ελάττωση με χρήση του κανόνα 52 (struct_declarator)


κατάσταση 154

  100 initializer: LBRACE initializer_list COMMA RBRACE .

    $default  ελάττωση με χρήση του κανόνα 100 (initializer)


κατάσταση 155

  102 initializer_list: initializer_list COMMA initializer .

    $default  ελάττωση με χρήση του κανόνα 102 (initializer_list)
